# JRE version: OpenJDK Runtime Environment Temurin-21.0.10+7 (21.0.10+7) (build 21.0.10+7-LTS)
# Java VM: OpenJDK 64-Bit Server VM Temurin-21.0.10+7 (21.0.10+7-LTS, mixed mode, sharing, tiered, compressed oops, compressed class ptrs, parallel gc, windows-amd64)
GC Precious Log:
 CardTable entry size: 512
 CPUs: 12 total, 12 available
 Memory: 7365M
 Large Page Support: Disabled
 NUMA Support: Disabled
 Compressed Oops: Enabled (32-bit)
 Alignments: Space 512K, Generation 512K, Heap 2M
 Heap Min Capacity: 100M
 Heap Initial Capacity: 100M
 Heap Max Capacity: 2G
 Pre-touch: Disabled
 Parallel Workers: 10
Heap:
 PSYoungGen      total 15872K, used 11105K [0x00000000d5580000, 0x00000000d6680000, 0x0000000100000000)
  eden space 14336K, 67% used [0x00000000d5580000,0x00000000d5f02408,0x00000000d6380000)
  from space 1536K, 89% used [0x00000000d6400000,0x00000000d6556200,0x00000000d6580000)
  to   space 1024K, 0% used [0x00000000d6580000,0x00000000d6580000,0x00000000d6680000)
 ParOldGen       total 68608K, used 58653K [0x0000000080000000, 0x0000000084300000, 0x00000000d5580000)
  object space 68608K, 85% used [0x0000000080000000,0x0000000083947498,0x0000000084300000)
 Metaspace       used 65330K, committed 66816K, reserved 1114112K
  class space    used 7766K, committed 8448K, reserved 1048576K
GC Heap History (20 events):
Event: 34.153 GC heap before
{Heap before GC invocations=39 (full 3):
 PSYoungGen      total 18944K, used 18647K [0x00000000d5580000, 0x00000000d6c00000, 0x0000000100000000)
  eden space 14848K, 100% used [0x00000000d5580000,0x00000000d6400000,0x00000000d6400000)
  from space 4096K, 92% used [0x00000000d6400000,0x00000000d67b5de8,0x00000000d6800000)
  to   space 4096K, 0% used [0x00000000d6800000,0x00000000d6800000,0x00000000d6c00000)
 ParOldGen       total 68608K, used 46161K [0x0000000080000000, 0x0000000084300000, 0x00000000d5580000)
  object space 68608K, 67% used [0x0000000080000000,0x0000000082d14570,0x0000000084300000)
 Metaspace       used 64150K, committed 65664K, reserved 1114112K
  class space    used 7637K, committed 8320K, reserved 1048576K
}
Event: 34.156 GC heap after
{Heap after GC invocations=39 (full 3):
 PSYoungGen      total 16384K, used 1376K [0x00000000d5580000, 0x00000000d6980000, 0x0000000100000000)
  eden space 14848K, 0% used [0x00000000d5580000,0x00000000d5580000,0x00000000d6400000)
  from space 1536K, 89% used [0x00000000d6800000,0x00000000d6958030,0x00000000d6980000)
  to   space 2560K, 0% used [0x00000000d6480000,0x00000000d6480000,0x00000000d6700000)
 ParOldGen       total 68608K, used 46427K [0x0000000080000000, 0x0000000084300000, 0x00000000d5580000)
  object space 68608K, 67% used [0x0000000080000000,0x0000000082d56e40,0x0000000084300000)
 Metaspace       used 64150K, committed 65664K, reserved 1114112K
  class space    used 7637K, committed 8320K, reserved 1048576K
}
Event: 34.230 GC heap before
{Heap before GC invocations=40 (full 3):
 PSYoungGen      total 16384K, used 16224K [0x00000000d5580000, 0x00000000d6980000, 0x0000000100000000)
  eden space 14848K, 100% used [0x00000000d5580000,0x00000000d6400000,0x00000000d6400000)
  from space 1536K, 89% used [0x00000000d6800000,0x00000000d6958030,0x00000000d6980000)
  to   space 2560K, 0% used [0x00000000d6480000,0x00000000d6480000,0x00000000d6700000)
 ParOldGen       total 68608K, used 46427K [0x0000000080000000, 0x0000000084300000, 0x00000000d5580000)
  object space 68608K, 67% used [0x0000000080000000,0x0000000082d56e40,0x0000000084300000)
 Metaspace       used 64350K, committed 65856K, reserved 1114112K
  class space    used 7664K, committed 8384K, reserved 1048576K
}
Event: 34.232 GC heap after
{Heap after GC invocations=40 (full 3):
 PSYoungGen      total 16384K, used 1472K [0x00000000d5580000, 0x00000000d6880000, 0x0000000100000000)
  eden space 14848K, 0% used [0x00000000d5580000,0x00000000d5580000,0x00000000d6400000)
  from space 1536K, 95% used [0x00000000d6480000,0x00000000d65f0010,0x00000000d6600000)
  to   space 2048K, 0% used [0x00000000d6680000,0x00000000d6680000,0x00000000d6880000)
 ParOldGen       total 68608K, used 47610K [0x0000000080000000, 0x0000000084300000, 0x00000000d5580000)
  object space 68608K, 69% used [0x0000000080000000,0x0000000082e7eb48,0x0000000084300000)
 Metaspace       used 64350K, committed 65856K, reserved 1114112K
  class space    used 7664K, committed 8384K, reserved 1048576K
}
Event: 34.310 GC heap before
{Heap before GC invocations=41 (full 3):
 PSYoungGen      total 16384K, used 16320K [0x00000000d5580000, 0x00000000d6880000, 0x0000000100000000)
  eden space 14848K, 100% used [0x00000000d5580000,0x00000000d6400000,0x00000000d6400000)
  from space 1536K, 95% used [0x00000000d6480000,0x00000000d65f0010,0x00000000d6600000)
  to   space 2048K, 0% used [0x00000000d6680000,0x00000000d6680000,0x00000000d6880000)
 ParOldGen       total 68608K, used 47610K [0x0000000080000000, 0x0000000084300000, 0x00000000d5580000)
  object space 68608K, 69% used [0x0000000080000000,0x0000000082e7eb48,0x0000000084300000)
 Metaspace       used 64373K, committed 65920K, reserved 1114112K
  class space    used 7664K, committed 8384K, reserved 1048576K
}
Event: 34.312 GC heap after
{Heap after GC invocations=41 (full 3):
 PSYoungGen      total 16384K, used 1440K [0x00000000d5580000, 0x00000000d6800000, 0x0000000100000000)
  eden space 14848K, 0% used [0x00000000d5580000,0x00000000d5580000,0x00000000d6400000)
  from space 1536K, 93% used [0x00000000d6680000,0x00000000d67e8000,0x00000000d6800000)
  to   space 1536K, 0% used [0x00000000d6480000,0x00000000d6480000,0x00000000d6600000)
 ParOldGen       total 68608K, used 48946K [0x0000000080000000, 0x0000000084300000, 0x00000000d5580000)
  object space 68608K, 71% used [0x0000000080000000,0x0000000082fccb68,0x0000000084300000)
 Metaspace       used 64373K, committed 65920K, reserved 1114112K
  class space    used 7664K, committed 8384K, reserved 1048576K
}
Event: 34.444 GC heap before
{Heap before GC invocations=42 (full 3):
 PSYoungGen      total 16384K, used 16288K [0x00000000d5580000, 0x00000000d6800000, 0x0000000100000000)
  eden space 14848K, 100% used [0x00000000d5580000,0x00000000d6400000,0x00000000d6400000)
  from space 1536K, 93% used [0x00000000d6680000,0x00000000d67e8000,0x00000000d6800000)
  to   space 1536K, 0% used [0x00000000d6480000,0x00000000d6480000,0x00000000d6600000)
 ParOldGen       total 68608K, used 48946K [0x0000000080000000, 0x0000000084300000, 0x00000000d5580000)
  object space 68608K, 71% used [0x0000000080000000,0x0000000082fccb68,0x0000000084300000)
 Metaspace       used 64754K, committed 66240K, reserved 1114112K
  class space    used 7721K, committed 8448K, reserved 1048576K
}
Event: 34.449 GC heap after
{Heap after GC invocations=42 (full 3):
 PSYoungGen      total 16384K, used 1506K [0x00000000d5580000, 0x00000000d6b00000, 0x0000000100000000)
  eden space 14848K, 0% used [0x00000000d5580000,0x00000000d5580000,0x00000000d6400000)
  from space 1536K, 98% used [0x00000000d6480000,0x00000000d65f8810,0x00000000d6600000)
  to   space 3584K, 0% used [0x00000000d6780000,0x00000000d6780000,0x00000000d6b00000)
 ParOldGen       total 68608K, used 50434K [0x0000000080000000, 0x0000000084300000, 0x00000000d5580000)
  object space 68608K, 73% used [0x0000000080000000,0x0000000083140b78,0x0000000084300000)
 Metaspace       used 64754K, committed 66240K, reserved 1114112K
  class space    used 7721K, committed 8448K, reserved 1048576K
}
Event: 34.503 GC heap before
{Heap before GC invocations=43 (full 3):
 PSYoungGen      total 16384K, used 16354K [0x00000000d5580000, 0x00000000d6b00000, 0x0000000100000000)
  eden space 14848K, 100% used [0x00000000d5580000,0x00000000d6400000,0x00000000d6400000)
  from space 1536K, 98% used [0x00000000d6480000,0x00000000d65f8810,0x00000000d6600000)
  to   space 3584K, 0% used [0x00000000d6780000,0x00000000d6780000,0x00000000d6b00000)
 ParOldGen       total 68608K, used 50434K [0x0000000080000000, 0x0000000084300000, 0x00000000d5580000)
  object space 68608K, 73% used [0x0000000080000000,0x0000000083140b78,0x0000000084300000)
 Metaspace       used 64758K, committed 66240K, reserved 1114112K
  class space    used 7721K, committed 8448K, reserved 1048576K
}
Event: 34.505 GC heap after
{Heap after GC invocations=43 (full 3):
 PSYoungGen      total 16896K, used 1600K [0x00000000d5580000, 0x00000000d6980000, 0x0000000100000000)
  eden space 14848K, 0% used [0x00000000d5580000,0x00000000d5580000,0x00000000d6400000)
  from space 2048K, 78% used [0x00000000d6780000,0x00000000d6910000,0x00000000d6980000)
  to   space 2560K, 0% used [0x00000000d6480000,0x00000000d6480000,0x00000000d6700000)
 ParOldGen       total 68608K, used 51929K [0x0000000080000000, 0x0000000084300000, 0x00000000d5580000)
  object space 68608K, 75% used [0x0000000080000000,0x00000000832b64b0,0x0000000084300000)
 Metaspace       used 64758K, committed 66240K, reserved 1114112K
  class space    used 7721K, committed 8448K, reserved 1048576K
}
Event: 34.550 GC heap before
{Heap before GC invocations=44 (full 3):
 PSYoungGen      total 16896K, used 16448K [0x00000000d5580000, 0x00000000d6980000, 0x0000000100000000)
  eden space 14848K, 100% used [0x00000000d5580000,0x00000000d6400000,0x00000000d6400000)
  from space 2048K, 78% used [0x00000000d6780000,0x00000000d6910000,0x00000000d6980000)
  to   space 2560K, 0% used [0x00000000d6480000,0x00000000d6480000,0x00000000d6700000)
 ParOldGen       total 68608K, used 51929K [0x0000000080000000, 0x0000000084300000, 0x00000000d5580000)
  object space 68608K, 75% used [0x0000000080000000,0x00000000832b64b0,0x0000000084300000)
 Metaspace       used 64772K, committed 66240K, reserved 1114112K
  class space    used 7721K, committed 8448K, reserved 1048576K
}
Event: 34.552 GC heap after
{Heap after GC invocations=44 (full 3):
 PSYoungGen      total 16384K, used 1312K [0x00000000d5580000, 0x00000000d6800000, 0x0000000100000000)
  eden space 14848K, 0% used [0x00000000d5580000,0x00000000d5580000,0x00000000d6400000)
  from space 1536K, 85% used [0x00000000d6480000,0x00000000d65c8000,0x00000000d6600000)
  to   space 1536K, 0% used [0x00000000d6680000,0x00000000d6680000,0x00000000d6800000)
 ParOldGen       total 68608K, used 53407K [0x0000000080000000, 0x0000000084300000, 0x00000000d5580000)
  object space 68608K, 77% used [0x0000000080000000,0x0000000083427e60,0x0000000084300000)
 Metaspace       used 64772K, committed 66240K, reserved 1114112K
  class space    used 7721K, committed 8448K, reserved 1048576K
}
Event: 34.594 GC heap before
{Heap before GC invocations=45 (full 3):
 PSYoungGen      total 16384K, used 16160K [0x00000000d5580000, 0x00000000d6800000, 0x0000000100000000)
  eden space 14848K, 100% used [0x00000000d5580000,0x00000000d6400000,0x00000000d6400000)
  from space 1536K, 85% used [0x00000000d6480000,0x00000000d65c8000,0x00000000d6600000)
  to   space 1536K, 0% used [0x00000000d6680000,0x00000000d6680000,0x00000000d6800000)
 ParOldGen       total 68608K, used 53407K [0x0000000080000000, 0x0000000084300000, 0x00000000d5580000)
  object space 68608K, 77% used [0x0000000080000000,0x0000000083427e60,0x0000000084300000)
 Metaspace       used 64777K, committed 66304K, reserved 1114112K
  class space    used 7721K, committed 8448K, reserved 1048576K
}
Event: 34.596 GC heap after
{Heap after GC invocations=45 (full 3):
 PSYoungGen      total 15872K, used 1508K [0x00000000d5580000, 0x00000000d6a00000, 0x0000000100000000)
  eden space 14336K, 0% used [0x00000000d5580000,0x00000000d5580000,0x00000000d6380000)
  from space 1536K, 98% used [0x00000000d6680000,0x00000000d67f9000,0x00000000d6800000)
  to   space 3072K, 0% used [0x00000000d6380000,0x00000000d6380000,0x00000000d6680000)
 ParOldGen       total 68608K, used 54535K [0x0000000080000000, 0x0000000084300000, 0x00000000d5580000)
  object space 68608K, 79% used [0x0000000080000000,0x0000000083541e60,0x0000000084300000)
 Metaspace       used 64777K, committed 66304K, reserved 1114112K
  class space    used 7721K, committed 8448K, reserved 1048576K
}
Event: 34.650 GC heap before
{Heap before GC invocations=46 (full 3):
 PSYoungGen      total 15872K, used 15844K [0x00000000d5580000, 0x00000000d6a00000, 0x0000000100000000)
  eden space 14336K, 100% used [0x00000000d5580000,0x00000000d6380000,0x00000000d6380000)
  from space 1536K, 98% used [0x00000000d6680000,0x00000000d67f9000,0x00000000d6800000)
  to   space 3072K, 0% used [0x00000000d6380000,0x00000000d6380000,0x00000000d6680000)
 ParOldGen       total 68608K, used 54535K [0x0000000080000000, 0x0000000084300000, 0x00000000d5580000)
  object space 68608K, 79% used [0x0000000080000000,0x0000000083541e60,0x0000000084300000)
 Metaspace       used 64788K, committed 66304K, reserved 1114112K
  class space    used 7722K, committed 8448K, reserved 1048576K
}
Event: 34.653 GC heap after
{Heap after GC invocations=46 (full 3):
 PSYoungGen      total 16384K, used 1568K [0x00000000d5580000, 0x00000000d6780000, 0x0000000100000000)
  eden space 14336K, 0% used [0x00000000d5580000,0x00000000d5580000,0x00000000d6380000)
  from space 2048K, 76% used [0x00000000d6380000,0x00000000d6508010,0x00000000d6580000)
  to   space 2048K, 0% used [0x00000000d6580000,0x00000000d6580000,0x00000000d6780000)
 ParOldGen       total 68608K, used 56013K [0x0000000080000000, 0x0000000084300000, 0x00000000d5580000)
  object space 68608K, 81% used [0x0000000080000000,0x00000000836b3488,0x0000000084300000)
 Metaspace       used 64788K, committed 66304K, reserved 1114112K
  class space    used 7722K, committed 8448K, reserved 1048576K
}
Event: 34.704 GC heap before
{Heap before GC invocations=47 (full 3):
 PSYoungGen      total 16384K, used 15904K [0x00000000d5580000, 0x00000000d6780000, 0x0000000100000000)
  eden space 14336K, 100% used [0x00000000d5580000,0x00000000d6380000,0x00000000d6380000)
  from space 2048K, 76% used [0x00000000d6380000,0x00000000d6508010,0x00000000d6580000)
  to   space 2048K, 0% used [0x00000000d6580000,0x00000000d6580000,0x00000000d6780000)
 ParOldGen       total 68608K, used 56013K [0x0000000080000000, 0x0000000084300000, 0x00000000d5580000)
  object space 68608K, 81% used [0x0000000080000000,0x00000000836b3488,0x0000000084300000)
 Metaspace       used 64828K, committed 66368K, reserved 1114112K
  class space    used 7724K, committed 8448K, reserved 1048576K
}
Event: 34.707 GC heap after
{Heap after GC invocations=47 (full 3):
 PSYoungGen      total 15872K, used 1280K [0x00000000d5580000, 0x00000000d6700000, 0x0000000100000000)
  eden space 14336K, 0% used [0x00000000d5580000,0x00000000d5580000,0x00000000d6380000)
  from space 1536K, 83% used [0x00000000d6580000,0x00000000d66c0000,0x00000000d6700000)
  to   space 1536K, 0% used [0x00000000d6400000,0x00000000d6400000,0x00000000d6580000)
 ParOldGen       total 68608K, used 57477K [0x0000000080000000, 0x0000000084300000, 0x00000000d5580000)
  object space 68608K, 83% used [0x0000000080000000,0x0000000083821498,0x0000000084300000)
 Metaspace       used 64828K, committed 66368K, reserved 1114112K
  class space    used 7724K, committed 8448K, reserved 1048576K
}
Event: 34.755 GC heap before
{Heap before GC invocations=48 (full 3):
 PSYoungGen      total 15872K, used 15616K [0x00000000d5580000, 0x00000000d6700000, 0x0000000100000000)
  eden space 14336K, 100% used [0x00000000d5580000,0x00000000d6380000,0x00000000d6380000)
  from space 1536K, 83% used [0x00000000d6580000,0x00000000d66c0000,0x00000000d6700000)
  to   space 1536K, 0% used [0x00000000d6400000,0x00000000d6400000,0x00000000d6580000)
 ParOldGen       total 68608K, used 57477K [0x0000000080000000, 0x0000000084300000, 0x00000000d5580000)
  object space 68608K, 83% used [0x0000000080000000,0x0000000083821498,0x0000000084300000)
 Metaspace       used 64843K, committed 66368K, reserved 1114112K
  class space    used 7724K, committed 8448K, reserved 1048576K
}
Event: 34.757 GC heap after
{Heap after GC invocations=48 (full 3):
 PSYoungGen      total 15872K, used 1368K [0x00000000d5580000, 0x00000000d6680000, 0x0000000100000000)
  eden space 14336K, 0% used [0x00000000d5580000,0x00000000d5580000,0x00000000d6380000)
  from space 1536K, 89% used [0x00000000d6400000,0x00000000d6556200,0x00000000d6580000)
  to   space 1024K, 0% used [0x00000000d6580000,0x00000000d6580000,0x00000000d6680000)
 ParOldGen       total 68608K, used 58653K [0x0000000080000000, 0x0000000084300000, 0x00000000d5580000)
  object space 68608K, 85% used [0x0000000080000000,0x0000000083947498,0x0000000084300000)
 Metaspace       used 64843K, committed 66368K, reserved 1114112K
  class space    used 7724K, committed 8448K, reserved 1048576K
}

